# JRE version: OpenJDK Runtime Environment (8.0_242-b01) (build 1.8.0_242-release-1644-b01)
# Java VM: OpenJDK 64-Bit Server VM (25.242-b01 mixed mode windows-amd64 compressed oops)
Heap:
 PSYoungGen      total 378368K, used 114885K [0x00000000e0000000, 0x0000000100000000, 0x0000000100000000)
  eden space 244224K, 39% used [0x00000000e0000000,0x00000000e5e6fd40,0x00000000eee80000)
  from space 134144K, 13% used [0x00000000eee80000,0x00000000f0041850,0x00000000f7180000)
  to   space 130048K, 0% used [0x00000000f8100000,0x00000000f8100000,0x0000000100000000)
 ParOldGen       total 434176K, used 265366K [0x00000000a0000000, 0x00000000ba800000, 0x00000000e0000000)
  object space 434176K, 61% used [0x00000000a0000000,0x00000000b0325b78,0x00000000ba800000)
 Metaspace       used 117064K, capacity 124114K, committed 142888K, reserved 1171456K
  class space    used 14703K, capacity 16019K, committed 20264K, reserved 1048576K
GC Heap History (10 events):
Event: 15271.081 GC heap before
{Heap before GC invocations=71 (full 9):
 PSYoungGen      total 436224K, used 436193K [0x00000000e0000000, 0x0000000100000000, 0x0000000100000000)
  eden space 355328K, 100% used [0x00000000e0000000,0x00000000f5b00000,0x00000000f5b00000)
  from space 80896K, 99% used [0x00000000f5b00000,0x00000000fa9f8650,0x00000000faa00000)
  to   space 88064K, 0% used [0x00000000faa00000,0x00000000faa00000,0x0000000100000000)
 ParOldGen       total 367616K, used 195802K [0x00000000a0000000, 0x00000000b6700000, 0x00000000e0000000)
  object space 367616K, 53% used [0x00000000a0000000,0x00000000abf368f0,0x00000000b6700000)
 Metaspace       used 134823K, capacity 142954K, committed 144936K, reserved 1173504K
  class space    used 16962K, capacity 18425K, committed 20264K, reserved 1048576K
Event: 15286.144 GC heap after
Heap after GC invocations=71 (full 9):
 PSYoungGen      total 325632K, used 88059K [0x00000000e0000000, 0x0000000100000000, 0x0000000100000000)
  eden space 237568K, 0% used [0x00000000e0000000,0x00000000e0000000,0x00000000ee800000)
  from space 88064K, 99% used [0x00000000faa00000,0x00000000ffffedd8,0x0000000100000000)
  to   space 143360K, 0% used [0x00000000ee800000,0x00000000ee800000,0x00000000f7400000)
 ParOldGen       total 367616K, used 270236K [0x00000000a0000000, 0x00000000b6700000, 0x00000000e0000000)
  object space 367616K, 73% used [0x00000000a0000000,0x00000000b07e73b8,0x00000000b6700000)
 Metaspace       used 134823K, capacity 142954K, committed 144936K, reserved 1173504K
  class space    used 16962K, capacity 18425K, committed 20264K, reserved 1048576K
}
Event: 15290.136 GC heap before
{Heap before GC invocations=72 (full 9):
 PSYoungGen      total 325632K, used 325627K [0x00000000e0000000, 0x0000000100000000, 0x0000000100000000)
  eden space 237568K, 100% used [0x00000000e0000000,0x00000000ee800000,0x00000000ee800000)
  from space 88064K, 99% used [0x00000000faa00000,0x00000000ffffedd8,0x0000000100000000)
  to   space 143360K, 0% used [0x00000000ee800000,0x00000000ee800000,0x00000000f7400000)
 ParOldGen       total 367616K, used 270236K [0x00000000a0000000, 0x00000000b6700000, 0x00000000e0000000)
  object space 367616K, 73% used [0x00000000a0000000,0x00000000b07e73b8,0x00000000b6700000)
 Metaspace       used 134882K, capacity 143052K, committed 144936K, reserved 1173504K
  class space    used 16966K, capacity 18430K, committed 20264K, reserved 1048576K
Event: 15294.578 GC heap after
Heap after GC invocations=72 (full 9):
 PSYoungGen      total 380928K, used 56036K [0x00000000e0000000, 0x0000000100000000, 0x0000000100000000)
  eden space 237568K, 0% used [0x00000000e0000000,0x00000000e0000000,0x00000000ee800000)
  from space 143360K, 39% used [0x00000000ee800000,0x00000000f1eb9028,0x00000000f7400000)
  to   space 136704K, 0% used [0x00000000f7a80000,0x00000000f7a80000,0x0000000100000000)
 ParOldGen       total 367616K, used 317110K [0x00000000a0000000, 0x00000000b6700000, 0x00000000e0000000)
  object space 367616K, 86% used [0x00000000a0000000,0x00000000b35adb50,0x00000000b6700000)
 Metaspace       used 134882K, capacity 143052K, committed 144936K, reserved 1173504K
  class space    used 16966K, capacity 18430K, committed 20264K, reserved 1048576K
}
Event: 15294.582 GC heap before
{Heap before GC invocations=73 (full 10):
 PSYoungGen      total 380928K, used 56036K [0x00000000e0000000, 0x0000000100000000, 0x0000000100000000)
  eden space 237568K, 0% used [0x00000000e0000000,0x00000000e0000000,0x00000000ee800000)
  from space 143360K, 39% used [0x00000000ee800000,0x00000000f1eb9028,0x00000000f7400000)
  to   space 136704K, 0% used [0x00000000f7a80000,0x00000000f7a80000,0x0000000100000000)
 ParOldGen       total 367616K, used 317110K [0x00000000a0000000, 0x00000000b6700000, 0x00000000e0000000)
  object space 367616K, 86% used [0x00000000a0000000,0x00000000b35adb50,0x00000000b6700000)
 Metaspace       used 134882K, capacity 143052K, committed 144936K, reserved 1173504K
  class space    used 16966K, capacity 18430K, committed 20264K, reserved 1048576K
Event: 15347.786 GC heap after
Heap after GC invocations=73 (full 10):
 PSYoungGen      total 380928K, used 0K [0x00000000e0000000, 0x0000000100000000, 0x0000000100000000)
  eden space 237568K, 0% used [0x00000000e0000000,0x00000000e0000000,0x00000000ee800000)
  from space 143360K, 0% used [0x00000000ee800000,0x00000000ee800000,0x00000000f7400000)
  to   space 136704K, 0% used [0x00000000f7a80000,0x00000000f7a80000,0x0000000100000000)
 ParOldGen       total 434176K, used 251533K [0x00000000a0000000, 0x00000000ba800000, 0x00000000e0000000)
  object space 434176K, 57% used [0x00000000a0000000,0x00000000af5a3748,0x00000000ba800000)
 Metaspace       used 116924K, capacity 123900K, committed 142888K, reserved 1171456K
  class space    used 14684K, capacity 15934K, committed 20264K, reserved 1048576K
}
Event: 15356.735 GC heap before
{Heap before GC invocations=74 (full 10):
 PSYoungGen      total 380928K, used 237568K [0x00000000e0000000, 0x0000000100000000, 0x0000000100000000)
  eden space 237568K, 100% used [0x00000000e0000000,0x00000000ee800000,0x00000000ee800000)
  from space 143360K, 0% used [0x00000000ee800000,0x00000000ee800000,0x00000000f7400000)
  to   space 136704K, 0% used [0x00000000f7a80000,0x00000000f7a80000,0x0000000100000000)
 ParOldGen       total 434176K, used 252045K [0x00000000a0000000, 0x00000000ba800000, 0x00000000e0000000)
  object space 434176K, 58% used [0x00000000a0000000,0x00000000af623768,0x00000000ba800000)
 Metaspace       used 116961K, capacity 123900K, committed 142888K, reserved 1171456K
  class space    used 14684K, capacity 15934K, committed 20264K, reserved 1048576K
Event: 15358.289 GC heap after
Heap after GC invocations=74 (full 10):
 PSYoungGen      total 369152K, used 15318K [0x00000000e0000000, 0x00000000ff480000, 0x0000000100000000)
  eden space 244224K, 0% used [0x00000000e0000000,0x00000000e0000000,0x00000000eee80000)
  from space 124928K, 12% used [0x00000000f7a80000,0x00000000f8975b98,0x00000000ff480000)
  to   space 134144K, 0% used [0x00000000eee80000,0x00000000eee80000,0x00000000f7180000)
 ParOldGen       total 434176K, used 252053K [0x00000000a0000000, 0x00000000ba800000, 0x00000000e0000000)
  object space 434176K, 58% used [0x00000000a0000000,0x00000000af625768,0x00000000ba800000)
 Metaspace       used 116961K, capacity 123900K, committed 142888K, reserved 1171456K
  class space    used 14684K, capacity 15934K, committed 20264K, reserved 1048576K
}
Event: 15377.260 GC heap before
{Heap before GC invocations=75 (full 10):
 PSYoungGen      total 369152K, used 259542K [0x00000000e0000000, 0x00000000ff480000, 0x0000000100000000)
  eden space 244224K, 100% used [0x00000000e0000000,0x00000000eee80000,0x00000000eee80000)
  from space 124928K, 12% used [0x00000000f7a80000,0x00000000f8975b98,0x00000000ff480000)
  to   space 134144K, 0% used [0x00000000eee80000,0x00000000eee80000,0x00000000f7180000)
 ParOldGen       total 434176K, used 252187K [0x00000000a0000000, 0x00000000ba800000, 0x00000000e0000000)
  object space 434176K, 58% used [0x00000000a0000000,0x00000000af646fc0,0x00000000ba800000)
 Metaspace       used 117062K, capacity 124114K, committed 142888K, reserved 1171456K
  class space    used 14703K, capacity 16019K, committed 20264K, reserved 1048576K
Event: 15379.396 GC heap after
Heap after GC invocations=75 (full 10):
 PSYoungGen      total 378368K, used 18182K [0x00000000e0000000, 0x0000000100000000, 0x0000000100000000)
  eden space 244224K, 0% used [0x00000000e0000000,0x00000000e0000000,0x00000000eee80000)
  from space 134144K, 13% used [0x00000000eee80000,0x00000000f0041850,0x00000000f7180000)
  to   space 130048K, 0% used [0x00000000f8100000,0x00000000f8100000,0x0000000100000000)
 ParOldGen       total 434176K, used 265366K [0x00000000a0000000, 0x00000000ba800000, 0x00000000e0000000)
  object space 434176K, 61% used [0x00000000a0000000,0x00000000b0325b78,0x00000000ba800000)
 Metaspace       used 117062K, capacity 124114K, committed 142888K, reserved 1171456K
  class space    used 14703K, capacity 16019K, committed 20264K, reserved 1048576K
}

